1540733680994	geckodriver	INFO	Listening on 127.0.0.1:56777
1540733681846	mozprofile::profile	INFO	Using profile path /tmp/rust_mozprofile.iqQvRmGZh1Me
1540733681849	geckodriver::marionette	INFO	Starting browser /usr/bin/firefox
1540733681852	geckodriver::marionette	INFO	Connecting to Marionette on localhost:44147
[PIPELIGHT:LIN:unknown] attached to process.
[PIPELIGHT:LIN:unknown] checking environment variable PIPELIGHT_SILVERLIGHT5_1_CONFIG.
[PIPELIGHT:LIN:unknown] searching for config file pipelight-silverlight5.1.
[PIPELIGHT:LIN:unknown] trying to load config file from '/home/carolina/.config/pipelight-silverlight5.1'.
[PIPELIGHT:LIN:unknown] trying to load config file from '/etc/pipelight-silverlight5.1'.
[PIPELIGHT:LIN:unknown] trying to load config file from '/usr/share/pipelight/configs/pipelight-silverlight5.1'.
[PIPELIGHT:LIN:unknown] sandbox not found or not installed!
[PIPELIGHT:LIN:silverlight5.1] using wine prefix directory /home/carolina/.wine-pipelight.
[PIPELIGHT:LIN:silverlight5.1] checking plugin installation - this might take some time.
[install-dependency] wine-silverlight5.1-installer is already installed in '/home/carolina/.wine-pipelight'.
[install-dependency] wine-mpg2splt-installer is already installed in '/home/carolina/.wine-pipelight'.
000b:fixme:ntdll:find_reg_tz_info Can't find matching timezone information in the registry for -03, bias 180, std (d/m/y): 18/02/2018, dlt (d/m/y): 4/11/2018
000b:fixme:winediag:start_process Wine Staging 3.14 is a testing version containing experimental patches.
000b:fixme:winediag:start_process Please mention your exact version when filing bug reports on winehq.org.
wine: cannot find L"C:\\windows\\system32\\winemenubuilder.exe"
000b:err:wineboot:ProcessRunKeys Error running cmd L"C:\\windows\\system32\\winemenubuilder.exe -a -r" (2)
000f:fixme:ntdll:find_reg_tz_info Can't find matching timezone information in the registry for -03, bias 180, std (d/m/y): 18/02/2018, dlt (d/m/y): 4/11/2018
0012:fixme:ntdll:find_reg_tz_info Can't find matching timezone information in the registry for -03, bias 180, std (d/m/y): 18/02/2018, dlt (d/m/y): 4/11/2018
001d:fixme:ntdll:find_reg_tz_info Can't find matching timezone information in the registry for -03, bias 180, std (d/m/y): 18/02/2018, dlt (d/m/y): 4/11/2018
0022:fixme:ntdll:find_reg_tz_info Can't find matching timezone information in the registry for -03, bias 180, std (d/m/y): 18/02/2018, dlt (d/m/y): 4/11/2018
002a:fixme:ntdll:find_reg_tz_info Can't find matching timezone information in the registry for -03, bias 180, std (d/m/y): 18/02/2018, dlt (d/m/y): 4/11/2018
0009:fixme:ntdll:find_reg_tz_info Can't find matching timezone information in the registry for -03, bias 180, std (d/m/y): 18/02/2018, dlt (d/m/y): 4/11/2018
[PIPELIGHT:WIN:silverlight5.1] embedded mode         is on.
[PIPELIGHT:WIN:silverlight5.1] windowless mode       is off.
[PIPELIGHT:WIN:silverlight5.1] linux windowless mode is off.
[PIPELIGHT:WIN:silverlight5.1] force SetWindow       is off.
[PIPELIGHT:WIN:silverlight5.1] window class hook     is on.
[PIPELIGHT:WIN:silverlight5.1] strict draw ordering  is off.
[PIPELIGHT:WIN:silverlight5.1] replaced API function CreateWindowExA.
[PIPELIGHT:WIN:silverlight5.1] replaced API function CreateWindowExW.
[PIPELIGHT:WIN:silverlight5.1] replaced API function TrackPopupMenuEx.
[PIPELIGHT:WIN:silverlight5.1] replaced API function TrackPopupMenu.
[PIPELIGHT:WIN:silverlight5.1] pluginloader.c:782:main(): failed to set/unset strict draw ordering!
0009:fixme:ntdll:EtwRegisterTraceGuidsW (0x7b8d2127, 0x7b970120, {aa087e0e-0b35-4e28-8f3a-440c3f51eef1}, 1, 0x71f518, (null), (null), 0x7b970120): stub
0009:fixme:ntdll:EtwRegisterTraceGuidsW   register trace class {aa087e0e-0b35-4e28-8f3a-440c3f51eef1}
[PIPELIGHT:WIN:silverlight5.1] init successful!
[PIPELIGHT:WIN:silverlight5.1] OpenGL Vendor: Intel Open Source Technology Center
[PIPELIGHT:WIN:silverlight5.1] OpenGL Renderer: Mesa DRI Mobile Intel® GM45 Express Chipset x86/MMX/SSE2
[PIPELIGHT:WIN:silverlight5.1] Your GPU is in the whitelist, hardware acceleration should work.
[PIPELIGHT:WIN:silverlight5.1] pluginloader.c:867:dispatcher(): failed to set/unset strict draw ordering!
1540733703388	Marionette	INFO	Listening on port 2828
1540733742248	geckodriver	INFO	Listening on 127.0.0.1:38701
1540733743254	mozprofile::profile	INFO	Using profile path /tmp/rust_mozprofile.g1Y9hVM61s5E
1540733743257	geckodriver::marionette	INFO	Starting browser /usr/bin/firefox
1540733743265	geckodriver::marionette	INFO	Connecting to Marionette on localhost:46537
[PIPELIGHT:LIN:unknown] attached to process.
[PIPELIGHT:LIN:unknown] checking environment variable PIPELIGHT_SILVERLIGHT5_1_CONFIG.
[PIPELIGHT:LIN:unknown] searching for config file pipelight-silverlight5.1.
[PIPELIGHT:LIN:unknown] trying to load config file from '/home/carolina/.config/pipelight-silverlight5.1'.
[PIPELIGHT:LIN:unknown] trying to load config file from '/etc/pipelight-silverlight5.1'.
[PIPELIGHT:LIN:unknown] trying to load config file from '/usr/share/pipelight/configs/pipelight-silverlight5.1'.
[PIPELIGHT:LIN:unknown] sandbox not found or not installed!
[PIPELIGHT:LIN:silverlight5.1] using wine prefix directory /home/carolina/.wine-pipelight.
[PIPELIGHT:LIN:silverlight5.1] checking plugin installation - this might take some time.
[install-dependency] wine-silverlight5.1-installer is already installed in '/home/carolina/.wine-pipelight'.
[install-dependency] wine-mpg2splt-installer is already installed in '/home/carolina/.wine-pipelight'.
002f:fixme:ntdll:find_reg_tz_info Can't find matching timezone information in the registry for -03, bias 180, std (d/m/y): 18/02/2018, dlt (d/m/y): 4/11/2018
[PIPELIGHT:WIN:silverlight5.1] embedded mode         is on.
[PIPELIGHT:WIN:silverlight5.1] windowless mode       is off.
[PIPELIGHT:WIN:silverlight5.1] linux windowless mode is off.
[PIPELIGHT:WIN:silverlight5.1] force SetWindow       is off.
[PIPELIGHT:WIN:silverlight5.1] window class hook     is on.
[PIPELIGHT:WIN:silverlight5.1] strict draw ordering  is off.
[PIPELIGHT:WIN:silverlight5.1] replaced API function CreateWindowExA.
[PIPELIGHT:WIN:silverlight5.1] replaced API function CreateWindowExW.
[PIPELIGHT:WIN:silverlight5.1] replaced API function TrackPopupMenuEx.
[PIPELIGHT:WIN:silverlight5.1] replaced API function TrackPopupMenu.
[PIPELIGHT:WIN:silverlight5.1] pluginloader.c:782:main(): failed to set/unset strict draw ordering!
002f:fixme:ntdll:EtwRegisterTraceGuidsW (0x7b8d2127, 0x7b970120, {aa087e0e-0b35-4e28-8f3a-440c3f51eef1}, 1, 0x71f518, (null), (null), 0x7b970120): stub
002f:fixme:ntdll:EtwRegisterTraceGuidsW   register trace class {aa087e0e-0b35-4e28-8f3a-440c3f51eef1}
[PIPELIGHT:WIN:silverlight5.1] init successful!
[PIPELIGHT:WIN:silverlight5.1] OpenGL Vendor: Intel Open Source Technology Center
[PIPELIGHT:WIN:silverlight5.1] OpenGL Renderer: Mesa DRI Mobile Intel® GM45 Express Chipset x86/MMX/SSE2
[PIPELIGHT:WIN:silverlight5.1] Your GPU is in the whitelist, hardware acceleration should work.
[PIPELIGHT:WIN:silverlight5.1] pluginloader.c:867:dispatcher(): failed to set/unset strict draw ordering!
1540733753946	Marionette	FATAL	Remote protocol server failed to start: Error: Could not bind to port 2828 (NS_ERROR_SOCKET_ADDRESS_IN_USE)(chrome://marionette/content/server.js:88:17) JS Stack trace: set acceptConnections@server.js:88:17
start@server.js:119:5
init/<@marionette.js:452:9
JavaScript error: resource://activity-stream/lib/ActivityStreamPrefs.jsm, line 29: NS_ERROR_ILLEGAL_VALUE: Component returned failure code: 0x80070057 (NS_ERROR_ILLEGAL_VALUE) [nsIPrefBranch.removeObserver]
JavaScript error: resource://gre/modules/JSONFile.jsm, line 159: Error: Data is not ready.
console.error: PushService: 
  clearOriginData: Error clearing origin data:
  UnknownError
console.error: PushService: 
  stateChangeProcessEnqueue: Error transitioning state
  UnknownError

###!!! [Parent][DispatchAsyncMessage] Error: PBackgroundIDBFactory::Msg_PBackgroundIDBFactoryRequestConstructor Value error: message was deserialized, but contained an illegal value


###!!! [Parent][DispatchAsyncMessage] Error: PBackgroundIDBFactory::Msg_PBackgroundIDBFactoryRequestConstructor Value error: message was deserialized, but contained an illegal value

JavaScript error: resource://gre/modules/osfile/osfile_async_front.jsm, line 407: Error: OS.File has been shut down. Rejecting post to stat
ExceptionHandler::GenerateDump cloned child 12645
ExceptionHandler::SendContinueSignalToChild sent continue signal to child
ExceptionHandler::WaitForContinueSignal waiting for continue signal...
1540733833596	Marionette	FATAL	Remote protocol server failed to start: Error: Could not bind to port 2828 (NS_ERROR_SOCKET_ADDRESS_IN_USE)(chrome://marionette/content/server.js:88:17) JS Stack trace: set acceptConnections@server.js:88:17
start@server.js:119:5
init/<@marionette.js:452:9
JavaScript error: resource://activity-stream/lib/ActivityStreamPrefs.jsm, line 29: NS_ERROR_ILLEGAL_VALUE: Component returned failure code: 0x80070057 (NS_ERROR_ILLEGAL_VALUE) [nsIPrefBranch.removeObserver]
JavaScript error: resource://gre/modules/JSONFile.jsm, line 159: Error: Data is not ready.
JavaScript error: resource://gre/modules/JSONFile.jsm, line 159: Error: Data is not ready.
002f:fixme:ntdll:EtwUnregisterTraceGuids deadbeef: stub
1540733924346	geckodriver	INFO	Listening on 127.0.0.1:49619
1540733925347	mozprofile::profile	INFO	Using profile path /tmp/rust_mozprofile.hn0CKkCaMJ4l
1540733925350	geckodriver::marionette	INFO	Starting browser /usr/bin/firefox
1540733925365	geckodriver::marionette	INFO	Connecting to Marionette on localhost:40065
[PIPELIGHT:LIN:unknown] attached to process.
[PIPELIGHT:LIN:unknown] checking environment variable PIPELIGHT_SILVERLIGHT5_1_CONFIG.
[PIPELIGHT:LIN:unknown] searching for config file pipelight-silverlight5.1.
[PIPELIGHT:LIN:unknown] trying to load config file from '/home/carolina/.config/pipelight-silverlight5.1'.
[PIPELIGHT:LIN:unknown] trying to load config file from '/etc/pipelight-silverlight5.1'.
[PIPELIGHT:LIN:unknown] trying to load config file from '/usr/share/pipelight/configs/pipelight-silverlight5.1'.
[PIPELIGHT:LIN:unknown] sandbox not found or not installed!
[PIPELIGHT:LIN:silverlight5.1] using wine prefix directory /home/carolina/.wine-pipelight.
[PIPELIGHT:LIN:silverlight5.1] checking plugin installation - this might take some time.
[install-dependency] wine-silverlight5.1-installer is already installed in '/home/carolina/.wine-pipelight'.
[install-dependency] wine-mpg2splt-installer is already installed in '/home/carolina/.wine-pipelight'.
0031:fixme:ntdll:find_reg_tz_info Can't find matching timezone information in the registry for -03, bias 180, std (d/m/y): 18/02/2018, dlt (d/m/y): 4/11/2018
[PIPELIGHT:WIN:silverlight5.1] embedded mode         is on.
[PIPELIGHT:WIN:silverlight5.1] windowless mode       is off.
[PIPELIGHT:WIN:silverlight5.1] linux windowless mode is off.
[PIPELIGHT:WIN:silverlight5.1] force SetWindow       is off.
[PIPELIGHT:WIN:silverlight5.1] window class hook     is on.
[PIPELIGHT:WIN:silverlight5.1] strict draw ordering  is off.
[PIPELIGHT:WIN:silverlight5.1] replaced API function CreateWindowExA.
[PIPELIGHT:WIN:silverlight5.1] replaced API function CreateWindowExW.
[PIPELIGHT:WIN:silverlight5.1] replaced API function TrackPopupMenuEx.
[PIPELIGHT:WIN:silverlight5.1] replaced API function TrackPopupMenu.
[PIPELIGHT:WIN:silverlight5.1] pluginloader.c:782:main(): failed to set/unset strict draw ordering!
0031:fixme:ntdll:EtwRegisterTraceGuidsW (0x7b8d2127, 0x7b970120, {aa087e0e-0b35-4e28-8f3a-440c3f51eef1}, 1, 0x71f518, (null), (null), 0x7b970120): stub
0031:fixme:ntdll:EtwRegisterTraceGuidsW   register trace class {aa087e0e-0b35-4e28-8f3a-440c3f51eef1}
[PIPELIGHT:WIN:silverlight5.1] init successful!
[PIPELIGHT:WIN:silverlight5.1] OpenGL Vendor: Intel Open Source Technology Center
[PIPELIGHT:WIN:silverlight5.1] OpenGL Renderer: Mesa DRI Mobile Intel® GM45 Express Chipset x86/MMX/SSE2
[PIPELIGHT:WIN:silverlight5.1] Your GPU is in the whitelist, hardware acceleration should work.
[PIPELIGHT:WIN:silverlight5.1] pluginloader.c:867:dispatcher(): failed to set/unset strict draw ordering!
1540733934864	Marionette	FATAL	Remote protocol server failed to start: Error: Could not bind to port 2828 (NS_ERROR_SOCKET_ADDRESS_IN_USE)(chrome://marionette/content/server.js:88:17) JS Stack trace: set acceptConnections@server.js:88:17
start@server.js:119:5
init/<@marionette.js:452:9
JavaScript error: resource://activity-stream/lib/ActivityStreamPrefs.jsm, line 29: NS_ERROR_ILLEGAL_VALUE: Component returned failure code: 0x80070057 (NS_ERROR_ILLEGAL_VALUE) [nsIPrefBranch.removeObserver]
console.error: PushService: 
  clearOriginData: Error clearing origin data:
  AbortError

###!!! [Parent][DispatchAsyncMessage] Error: PBackgroundIDBFactory::Msg_PBackgroundIDBFactoryRequestConstructor Value error: message was deserialized, but contained an illegal value


###!!! [Parent][DispatchAsyncMessage] Error: PBackgroundIDBFactory::Msg_PBackgroundIDBFactoryRequestConstructor Value error: message was deserialized, but contained an illegal value

JavaScript error: resource://gre/modules/osfile/osfile_async_front.jsm, line 407: Error: OS.File has been shut down. Rejecting post to stat
1540733985727	geckodriver	INFO	Listening on 127.0.0.1:45637
1540733986729	mozprofile::profile	INFO	Using profile path /tmp/rust_mozprofile.ObxYEE77SduB
1540733986732	geckodriver::marionette	INFO	Starting browser /usr/bin/firefox
1540733986735	geckodriver::marionette	INFO	Connecting to Marionette on localhost:43499
[PIPELIGHT:LIN:unknown] attached to process.
[PIPELIGHT:LIN:unknown] checking environment variable PIPELIGHT_SILVERLIGHT5_1_CONFIG.
[PIPELIGHT:LIN:unknown] searching for config file pipelight-silverlight5.1.
[PIPELIGHT:LIN:unknown] trying to load config file from '/home/carolina/.config/pipelight-silverlight5.1'.
[PIPELIGHT:LIN:unknown] trying to load config file from '/etc/pipelight-silverlight5.1'.
[PIPELIGHT:LIN:unknown] trying to load config file from '/usr/share/pipelight/configs/pipelight-silverlight5.1'.
[PIPELIGHT:LIN:unknown] sandbox not found or not installed!
[PIPELIGHT:LIN:silverlight5.1] using wine prefix directory /home/carolina/.wine-pipelight.
[PIPELIGHT:LIN:silverlight5.1] checking plugin installation - this might take some time.
[install-dependency] wine-silverlight5.1-installer is already installed in '/home/carolina/.wine-pipelight'.
[install-dependency] wine-mpg2splt-installer is already installed in '/home/carolina/.wine-pipelight'.
0033:fixme:ntdll:find_reg_tz_info Can't find matching timezone information in the registry for -03, bias 180, std (d/m/y): 18/02/2018, dlt (d/m/y): 4/11/2018
[PIPELIGHT:WIN:silverlight5.1] embedded mode         is on.
[PIPELIGHT:WIN:silverlight5.1] windowless mode       is off.
[PIPELIGHT:WIN:silverlight5.1] linux windowless mode is off.
[PIPELIGHT:WIN:silverlight5.1] force SetWindow       is off.
[PIPELIGHT:WIN:silverlight5.1] window class hook     is on.
[PIPELIGHT:WIN:silverlight5.1] strict draw ordering  is off.
[PIPELIGHT:WIN:silverlight5.1] replaced API function CreateWindowExA.
[PIPELIGHT:WIN:silverlight5.1] replaced API function CreateWindowExW.
[PIPELIGHT:WIN:silverlight5.1] replaced API function TrackPopupMenuEx.
[PIPELIGHT:WIN:silverlight5.1] replaced API function TrackPopupMenu.
[PIPELIGHT:WIN:silverlight5.1] pluginloader.c:782:main(): failed to set/unset strict draw ordering!
0033:fixme:ntdll:EtwRegisterTraceGuidsW (0x7b8d2127, 0x7b970120, {aa087e0e-0b35-4e28-8f3a-440c3f51eef1}, 1, 0x71f518, (null), (null), 0x7b970120): stub
0033:fixme:ntdll:EtwRegisterTraceGuidsW   register trace class {aa087e0e-0b35-4e28-8f3a-440c3f51eef1}
[PIPELIGHT:WIN:silverlight5.1] init successful!
[PIPELIGHT:WIN:silverlight5.1] OpenGL Vendor: Intel Open Source Technology Center
[PIPELIGHT:WIN:silverlight5.1] OpenGL Renderer: Mesa DRI Mobile Intel® GM45 Express Chipset x86/MMX/SSE2
[PIPELIGHT:WIN:silverlight5.1] Your GPU is in the whitelist, hardware acceleration should work.
[PIPELIGHT:WIN:silverlight5.1] pluginloader.c:867:dispatcher(): failed to set/unset strict draw ordering!
1540733995645	Marionette	FATAL	Remote protocol server failed to start: Error: Could not bind to port 2828 (NS_ERROR_SOCKET_ADDRESS_IN_USE)(chrome://marionette/content/server.js:88:17) JS Stack trace: set acceptConnections@server.js:88:17
start@server.js:119:5
init/<@marionette.js:452:9
JavaScript error: resource://activity-stream/lib/ActivityStreamPrefs.jsm, line 29: NS_ERROR_ILLEGAL_VALUE: Component returned failure code: 0x80070057 (NS_ERROR_ILLEGAL_VALUE) [nsIPrefBranch.removeObserver]
JavaScript error: , line 0: AbortError: A request was aborted, for example through a call to IDBTransaction.abort.
JavaScript error: , line 0: AbortError: A request was aborted, for example through a call to IDBTransaction.abort.
console.error: PushService: 
  clearOriginData: Error clearing origin data:
  UnknownError
console.error: PushService: 
  stateChangeProcessEnqueue: Error transitioning state
  UnknownError

###!!! [Parent][DispatchAsyncMessage] Error: PBackgroundIDBFactory::Msg_PBackgroundIDBFactoryRequestConstructor Value error: message was deserialized, but contained an illegal value


###!!! [Parent][DispatchAsyncMessage] Error: PBackgroundIDBFactory::Msg_PBackgroundIDBFactoryRequestConstructor Value error: message was deserialized, but contained an illegal value

ExceptionHandler::GenerateDump cloned child 13539
ExceptionHandler::SendContinueSignalToChild sent continue signal to child
ExceptionHandler::WaitForContinueSignal waiting for continue signal...
Failed to open curl lib from binary, use libcurl.so instead
1540734019959	Marionette	FATAL	Remote protocol server failed to start: Error: Could not bind to port 2828 (NS_ERROR_SOCKET_ADDRESS_IN_USE)(chrome://marionette/content/server.js:88:17) JS Stack trace: set acceptConnections@server.js:88:17
start@server.js:119:5
init/<@marionette.js:452:9
JavaScript error: resource://activity-stream/lib/TopSitesFeed.jsm, line 86: TypeError: setting getter-only property "_currentSearchHostname"
0031:fixme:ntdll:EtwUnregisterTraceGuids deadbeef: stub
JavaScript error: resource://gre/modules/osfile/osfile_async_front.jsm, line 407: Error: OS.File has been shut down. Rejecting post to stat
ExceptionHandler::GenerateDump cloned child 13822
ExceptionHandler::SendContinueSignalToChild sent continue signal to child
ExceptionHandler::WaitForContinueSignal waiting for continue signal...
Failed to open curl lib from binary, use libcurl.so instead
1540734070576	Marionette	FATAL	Remote protocol server failed to start: Error: Could not bind to port 2828 (NS_ERROR_SOCKET_ADDRESS_IN_USE)(chrome://marionette/content/server.js:88:17) JS Stack trace: set acceptConnections@server.js:88:17
start@server.js:119:5
init/<@marionette.js:452:9
JavaScript error: resource://activity-stream/lib/ActivityStreamPrefs.jsm, line 29: NS_ERROR_ILLEGAL_VALUE: Component returned failure code: 0x80070057 (NS_ERROR_ILLEGAL_VALUE) [nsIPrefBranch.removeObserver]
0033:fixme:ntdll:EtwUnregisterTraceGuids deadbeef: stub
JavaScript error: jar:file:///usr/lib/firefox/omni.ja!/components/nsUrlClassifierListManager.js, line 329: NS_ERROR_NOT_INITIALIZED: Component returned failure code: 0xc1f30001 (NS_ERROR_NOT_INITIALIZED) [nsIUrlClassifierDBService.getTables]
JavaScript error: jar:file:///usr/lib/firefox/omni.ja!/components/nsUrlClassifierListManager.js, line 329: NS_ERROR_NOT_INITIALIZED: Component returned failure code: 0xc1f30001 (NS_ERROR_NOT_INITIALIZED) [nsIUrlClassifierDBService.getTables]
1540734224604	Marionette	INFO	Stopped listening on port 2828
ExceptionHandler::GenerateDump cloned child 14953
ExceptionHandler::SendContinueSignalToChild sent continue signal to child
ExceptionHandler::WaitForContinueSignal waiting for continue signal...
Failed to open curl lib from binary, use libcurl.so instead
0009:fixme:ntdll:EtwUnregisterTraceGuids deadbeef: stub
1540734343266	geckodriver	INFO	Listening on 127.0.0.1:34815
1540734344266	mozprofile::profile	INFO	Using profile path /tmp/rust_mozprofile.1DA7gBbhYM65
1540734344269	geckodriver::marionette	INFO	Starting browser /usr/bin/firefox
1540734344273	geckodriver::marionette	INFO	Connecting to Marionette on localhost:43591
[PIPELIGHT:LIN:unknown] attached to process.
[PIPELIGHT:LIN:unknown] checking environment variable PIPELIGHT_SILVERLIGHT5_1_CONFIG.
[PIPELIGHT:LIN:unknown] searching for config file pipelight-silverlight5.1.
[PIPELIGHT:LIN:unknown] trying to load config file from '/home/carolina/.config/pipelight-silverlight5.1'.
[PIPELIGHT:LIN:unknown] trying to load config file from '/etc/pipelight-silverlight5.1'.
[PIPELIGHT:LIN:unknown] trying to load config file from '/usr/share/pipelight/configs/pipelight-silverlight5.1'.
[PIPELIGHT:LIN:unknown] sandbox not found or not installed!
[PIPELIGHT:LIN:silverlight5.1] using wine prefix directory /home/carolina/.wine-pipelight.
[PIPELIGHT:LIN:silverlight5.1] checking plugin installation - this might take some time.
[install-dependency] wine-silverlight5.1-installer is already installed in '/home/carolina/.wine-pipelight'.
[install-dependency] wine-mpg2splt-installer is already installed in '/home/carolina/.wine-pipelight'.
000b:fixme:ntdll:find_reg_tz_info Can't find matching timezone information in the registry for -03, bias 180, std (d/m/y): 18/02/2018, dlt (d/m/y): 4/11/2018
000b:fixme:winediag:start_process Wine Staging 3.14 is a testing version containing experimental patches.
000b:fixme:winediag:start_process Please mention your exact version when filing bug reports on winehq.org.
wine: cannot find L"C:\\windows\\system32\\winemenubuilder.exe"
000b:err:wineboot:ProcessRunKeys Error running cmd L"C:\\windows\\system32\\winemenubuilder.exe -a -r" (2)
000f:fixme:ntdll:find_reg_tz_info Can't find matching timezone information in the registry for -03, bias 180, std (d/m/y): 18/02/2018, dlt (d/m/y): 4/11/2018
0012:fixme:ntdll:find_reg_tz_info Can't find matching timezone information in the registry for -03, bias 180, std (d/m/y): 18/02/2018, dlt (d/m/y): 4/11/2018
001c:fixme:ntdll:find_reg_tz_info Can't find matching timezone information in the registry for -03, bias 180, std (d/m/y): 18/02/2018, dlt (d/m/y): 4/11/2018
0021:fixme:ntdll:find_reg_tz_info Can't find matching timezone information in the registry for -03, bias 180, std (d/m/y): 18/02/2018, dlt (d/m/y): 4/11/2018
002a:fixme:ntdll:find_reg_tz_info Can't find matching timezone information in the registry for -03, bias 180, std (d/m/y): 18/02/2018, dlt (d/m/y): 4/11/2018
0009:fixme:ntdll:find_reg_tz_info Can't find matching timezone information in the registry for -03, bias 180, std (d/m/y): 18/02/2018, dlt (d/m/y): 4/11/2018
[PIPELIGHT:WIN:silverlight5.1] embedded mode         is on.
[PIPELIGHT:WIN:silverlight5.1] windowless mode       is off.
[PIPELIGHT:WIN:silverlight5.1] linux windowless mode is off.
[PIPELIGHT:WIN:silverlight5.1] force SetWindow       is off.
[PIPELIGHT:WIN:silverlight5.1] window class hook     is on.
[PIPELIGHT:WIN:silverlight5.1] strict draw ordering  is off.
[PIPELIGHT:WIN:silverlight5.1] replaced API function CreateWindowExA.
[PIPELIGHT:WIN:silverlight5.1] replaced API function CreateWindowExW.
[PIPELIGHT:WIN:silverlight5.1] replaced API function TrackPopupMenuEx.
[PIPELIGHT:WIN:silverlight5.1] replaced API function TrackPopupMenu.
[PIPELIGHT:WIN:silverlight5.1] pluginloader.c:782:main(): failed to set/unset strict draw ordering!
0009:fixme:ntdll:EtwRegisterTraceGuidsW (0x7b8d2127, 0x7b970120, {aa087e0e-0b35-4e28-8f3a-440c3f51eef1}, 1, 0x71f518, (null), (null), 0x7b970120): stub
0009:fixme:ntdll:EtwRegisterTraceGuidsW   register trace class {aa087e0e-0b35-4e28-8f3a-440c3f51eef1}
[PIPELIGHT:WIN:silverlight5.1] init successful!
[PIPELIGHT:WIN:silverlight5.1] OpenGL Vendor: Intel Open Source Technology Center
[PIPELIGHT:WIN:silverlight5.1] OpenGL Renderer: Mesa DRI Mobile Intel® GM45 Express Chipset x86/MMX/SSE2
[PIPELIGHT:WIN:silverlight5.1] Your GPU is in the whitelist, hardware acceleration should work.
[PIPELIGHT:WIN:silverlight5.1] pluginloader.c:867:dispatcher(): failed to set/unset strict draw ordering!
1540734358401	Marionette	INFO	Listening on port 2828
1540734404615	geckodriver	INFO	Listening on 127.0.0.1:55717
1540734405638	mozprofile::profile	INFO	Using profile path /tmp/rust_mozprofile.LpuYfTa750kl
1540734405644	geckodriver::marionette	INFO	Starting browser /usr/bin/firefox
1540734405652	geckodriver::marionette	INFO	Connecting to Marionette on localhost:46389
[PIPELIGHT:LIN:unknown] attached to process.
[PIPELIGHT:LIN:unknown] checking environment variable PIPELIGHT_SILVERLIGHT5_1_CONFIG.
[PIPELIGHT:LIN:unknown] searching for config file pipelight-silverlight5.1.
[PIPELIGHT:LIN:unknown] trying to load config file from '/home/carolina/.config/pipelight-silverlight5.1'.
[PIPELIGHT:LIN:unknown] trying to load config file from '/etc/pipelight-silverlight5.1'.
[PIPELIGHT:LIN:unknown] trying to load config file from '/usr/share/pipelight/configs/pipelight-silverlight5.1'.
[PIPELIGHT:LIN:unknown] sandbox not found or not installed!
[PIPELIGHT:LIN:silverlight5.1] using wine prefix directory /home/carolina/.wine-pipelight.
[PIPELIGHT:LIN:silverlight5.1] checking plugin installation - this might take some time.
[install-dependency] wine-silverlight5.1-installer is already installed in '/home/carolina/.wine-pipelight'.
[install-dependency] wine-mpg2splt-installer is already installed in '/home/carolina/.wine-pipelight'.
002f:fixme:ntdll:find_reg_tz_info Can't find matching timezone information in the registry for -03, bias 180, std (d/m/y): 18/02/2018, dlt (d/m/y): 4/11/2018
[PIPELIGHT:WIN:silverlight5.1] embedded mode         is on.
[PIPELIGHT:WIN:silverlight5.1] windowless mode       is off.
[PIPELIGHT:WIN:silverlight5.1] linux windowless mode is off.
[PIPELIGHT:WIN:silverlight5.1] force SetWindow       is off.
[PIPELIGHT:WIN:silverlight5.1] window class hook     is on.
[PIPELIGHT:WIN:silverlight5.1] strict draw ordering  is off.
[PIPELIGHT:WIN:silverlight5.1] replaced API function CreateWindowExA.
[PIPELIGHT:WIN:silverlight5.1] replaced API function CreateWindowExW.
[PIPELIGHT:WIN:silverlight5.1] replaced API function TrackPopupMenuEx.
[PIPELIGHT:WIN:silverlight5.1] replaced API function TrackPopupMenu.
[PIPELIGHT:WIN:silverlight5.1] pluginloader.c:782:main(): failed to set/unset strict draw ordering!
002f:fixme:ntdll:EtwRegisterTraceGuidsW (0x7b8d2127, 0x7b970120, {aa087e0e-0b35-4e28-8f3a-440c3f51eef1}, 1, 0x71f518, (null), (null), 0x7b970120): stub
002f:fixme:ntdll:EtwRegisterTraceGuidsW   register trace class {aa087e0e-0b35-4e28-8f3a-440c3f51eef1}
[PIPELIGHT:WIN:silverlight5.1] init successful!
[PIPELIGHT:WIN:silverlight5.1] OpenGL Vendor: Intel Open Source Technology Center
[PIPELIGHT:WIN:silverlight5.1] OpenGL Renderer: Mesa DRI Mobile Intel® GM45 Express Chipset x86/MMX/SSE2
[PIPELIGHT:WIN:silverlight5.1] Your GPU is in the whitelist, hardware acceleration should work.
[PIPELIGHT:WIN:silverlight5.1] pluginloader.c:867:dispatcher(): failed to set/unset strict draw ordering!
1540734415833	Marionette	FATAL	Remote protocol server failed to start: Error: Could not bind to port 2828 (NS_ERROR_SOCKET_ADDRESS_IN_USE)(chrome://marionette/content/server.js:88:17) JS Stack trace: set acceptConnections@server.js:88:17
start@server.js:119:5
init/<@marionette.js:452:9
JavaScript error: resource://activity-stream/lib/ActivityStreamPrefs.jsm, line 29: NS_ERROR_ILLEGAL_VALUE: Component returned failure code: 0x80070057 (NS_ERROR_ILLEGAL_VALUE) [nsIPrefBranch.removeObserver]
JavaScript error: resource://gre/modules/JSONFile.jsm, line 159: Error: Data is not ready.
console.error: PushService: 
  clearOriginData: Error clearing origin data:
  UnknownError
console.error: PushService: 
  stateChangeProcessEnqueue: Error transitioning state
  UnknownError

###!!! [Parent][DispatchAsyncMessage] Error: PBackgroundIDBFactory::Msg_PBackgroundIDBFactoryRequestConstructor Value error: message was deserialized, but contained an illegal value


###!!! [Parent][DispatchAsyncMessage] Error: PBackgroundIDBFactory::Msg_PBackgroundIDBFactoryRequestConstructor Value error: message was deserialized, but contained an illegal value

JavaScript error: resource://gre/modules/osfile/osfile_async_front.jsm, line 407: Error: OS.File has been shut down. Rejecting post to stat
ExceptionHandler::GenerateDump cloned child 15758
ExceptionHandler::SendContinueSignalToChild sent continue signal to child
ExceptionHandler::WaitForContinueSignal waiting for continue signal...
1540734965380	geckodriver	INFO	Listening on 127.0.0.1:47613
1540734966278	mozprofile::profile	INFO	Using profile path /tmp/rust_mozprofile.74KYoGHrHKxl
1540734966281	geckodriver::marionette	INFO	Starting browser /usr/bin/firefox
1540734966300	geckodriver::marionette	INFO	Connecting to Marionette on localhost:45297
[PIPELIGHT:LIN:unknown] attached to process.
[PIPELIGHT:LIN:unknown] checking environment variable PIPELIGHT_SILVERLIGHT5_1_CONFIG.
[PIPELIGHT:LIN:unknown] searching for config file pipelight-silverlight5.1.
[PIPELIGHT:LIN:unknown] trying to load config file from '/home/carolina/.config/pipelight-silverlight5.1'.
[PIPELIGHT:LIN:unknown] trying to load config file from '/etc/pipelight-silverlight5.1'.
[PIPELIGHT:LIN:unknown] trying to load config file from '/usr/share/pipelight/configs/pipelight-silverlight5.1'.
[PIPELIGHT:LIN:unknown] sandbox not found or not installed!
[PIPELIGHT:LIN:silverlight5.1] using wine prefix directory /home/carolina/.wine-pipelight.
[PIPELIGHT:LIN:silverlight5.1] checking plugin installation - this might take some time.
[install-dependency] wine-silverlight5.1-installer is already installed in '/home/carolina/.wine-pipelight'.
[install-dependency] wine-mpg2splt-installer is already installed in '/home/carolina/.wine-pipelight'.
000b:fixme:ntdll:find_reg_tz_info Can't find matching timezone information in the registry for -03, bias 180, std (d/m/y): 18/02/2018, dlt (d/m/y): 4/11/2018
000b:fixme:winediag:start_process Wine Staging 3.14 is a testing version containing experimental patches.
000b:fixme:winediag:start_process Please mention your exact version when filing bug reports on winehq.org.
wine: cannot find L"C:\\windows\\system32\\winemenubuilder.exe"
000b:err:wineboot:ProcessRunKeys Error running cmd L"C:\\windows\\system32\\winemenubuilder.exe -a -r" (2)
000f:fixme:ntdll:find_reg_tz_info Can't find matching timezone information in the registry for -03, bias 180, std (d/m/y): 18/02/2018, dlt (d/m/y): 4/11/2018
0012:fixme:ntdll:find_reg_tz_info Can't find matching timezone information in the registry for -03, bias 180, std (d/m/y): 18/02/2018, dlt (d/m/y): 4/11/2018
001d:fixme:ntdll:find_reg_tz_info Can't find matching timezone information in the registry for -03, bias 180, std (d/m/y): 18/02/2018, dlt (d/m/y): 4/11/2018
0022:fixme:ntdll:find_reg_tz_info Can't find matching timezone information in the registry for -03, bias 180, std (d/m/y): 18/02/2018, dlt (d/m/y): 4/11/2018
002b:fixme:ntdll:find_reg_tz_info Can't find matching timezone information in the registry for -03, bias 180, std (d/m/y): 18/02/2018, dlt (d/m/y): 4/11/2018
0009:fixme:ntdll:find_reg_tz_info Can't find matching timezone information in the registry for -03, bias 180, std (d/m/y): 18/02/2018, dlt (d/m/y): 4/11/2018
[PIPELIGHT:WIN:silverlight5.1] embedded mode         is on.
[PIPELIGHT:WIN:silverlight5.1] windowless mode       is off.
[PIPELIGHT:WIN:silverlight5.1] linux windowless mode is off.
[PIPELIGHT:WIN:silverlight5.1] force SetWindow       is off.
[PIPELIGHT:WIN:silverlight5.1] window class hook     is on.
[PIPELIGHT:WIN:silverlight5.1] strict draw ordering  is off.
[PIPELIGHT:WIN:silverlight5.1] replaced API function CreateWindowExA.
[PIPELIGHT:WIN:silverlight5.1] replaced API function CreateWindowExW.
[PIPELIGHT:WIN:silverlight5.1] replaced API function TrackPopupMenuEx.
[PIPELIGHT:WIN:silverlight5.1] replaced API function TrackPopupMenu.
[PIPELIGHT:WIN:silverlight5.1] pluginloader.c:782:main(): failed to set/unset strict draw ordering!
0009:fixme:ntdll:EtwRegisterTraceGuidsW (0x7b8d2127, 0x7b970120, {aa087e0e-0b35-4e28-8f3a-440c3f51eef1}, 1, 0x71f518, (null), (null), 0x7b970120): stub
0009:fixme:ntdll:EtwRegisterTraceGuidsW   register trace class {aa087e0e-0b35-4e28-8f3a-440c3f51eef1}
[PIPELIGHT:WIN:silverlight5.1] init successful!
[PIPELIGHT:WIN:silverlight5.1] OpenGL Vendor: Intel Open Source Technology Center
[PIPELIGHT:WIN:silverlight5.1] OpenGL Renderer: Mesa DRI Mobile Intel® GM45 Express Chipset x86/MMX/SSE2
[PIPELIGHT:WIN:silverlight5.1] Your GPU is in the whitelist, hardware acceleration should work.
[PIPELIGHT:WIN:silverlight5.1] pluginloader.c:867:dispatcher(): failed to set/unset strict draw ordering!
1540735013985	Marionette	INFO	Listening on port 2828
1540735026718	geckodriver	INFO	Listening on 127.0.0.1:34601
1540735027717	mozprofile::profile	INFO	Using profile path /tmp/rust_mozprofile.CwORr2eq4354
1540735027720	geckodriver::marionette	INFO	Starting browser /usr/bin/firefox
1540735027730	geckodriver::marionette	INFO	Connecting to Marionette on localhost:35315
[PIPELIGHT:LIN:unknown] attached to process.
[PIPELIGHT:LIN:unknown] checking environment variable PIPELIGHT_SILVERLIGHT5_1_CONFIG.
[PIPELIGHT:LIN:unknown] searching for config file pipelight-silverlight5.1.
[PIPELIGHT:LIN:unknown] trying to load config file from '/home/carolina/.config/pipelight-silverlight5.1'.
[PIPELIGHT:LIN:unknown] trying to load config file from '/etc/pipelight-silverlight5.1'.
[PIPELIGHT:LIN:unknown] trying to load config file from '/usr/share/pipelight/configs/pipelight-silverlight5.1'.
[PIPELIGHT:LIN:unknown] sandbox not found or not installed!
[PIPELIGHT:LIN:silverlight5.1] using wine prefix directory /home/carolina/.wine-pipelight.
[PIPELIGHT:LIN:silverlight5.1] checking plugin installation - this might take some time.
[install-dependency] wine-silverlight5.1-installer is already installed in '/home/carolina/.wine-pipelight'.
[install-dependency] wine-mpg2splt-installer is already installed in '/home/carolina/.wine-pipelight'.
0030:fixme:ntdll:find_reg_tz_info Can't find matching timezone information in the registry for -03, bias 180, std (d/m/y): 18/02/2018, dlt (d/m/y): 4/11/2018
[PIPELIGHT:WIN:silverlight5.1] embedded mode         is on.
[PIPELIGHT:WIN:silverlight5.1] windowless mode       is off.
[PIPELIGHT:WIN:silverlight5.1] linux windowless mode is off.
[PIPELIGHT:WIN:silverlight5.1] force SetWindow       is off.
[PIPELIGHT:WIN:silverlight5.1] window class hook     is on.
[PIPELIGHT:WIN:silverlight5.1] strict draw ordering  is off.
[PIPELIGHT:WIN:silverlight5.1] replaced API function CreateWindowExA.
[PIPELIGHT:WIN:silverlight5.1] replaced API function CreateWindowExW.
[PIPELIGHT:WIN:silverlight5.1] replaced API function TrackPopupMenuEx.
[PIPELIGHT:WIN:silverlight5.1] replaced API function TrackPopupMenu.
[PIPELIGHT:WIN:silverlight5.1] pluginloader.c:782:main(): failed to set/unset strict draw ordering!
0030:fixme:ntdll:EtwRegisterTraceGuidsW (0x7b8d2127, 0x7b970120, {aa087e0e-0b35-4e28-8f3a-440c3f51eef1}, 1, 0x71f518, (null), (null), 0x7b970120): stub
0030:fixme:ntdll:EtwRegisterTraceGuidsW   register trace class {aa087e0e-0b35-4e28-8f3a-440c3f51eef1}
[PIPELIGHT:WIN:silverlight5.1] init successful!
[PIPELIGHT:WIN:silverlight5.1] OpenGL Vendor: Intel Open Source Technology Center
[PIPELIGHT:WIN:silverlight5.1] OpenGL Renderer: Mesa DRI Mobile Intel® GM45 Express Chipset x86/MMX/SSE2
[PIPELIGHT:WIN:silverlight5.1] Your GPU is in the whitelist, hardware acceleration should work.
[PIPELIGHT:WIN:silverlight5.1] pluginloader.c:867:dispatcher(): failed to set/unset strict draw ordering!
1540735042327	Marionette	FATAL	Remote protocol server failed to start: Error: Could not bind to port 2828 (NS_ERROR_SOCKET_ADDRESS_IN_USE)(chrome://marionette/content/server.js:88:17) JS Stack trace: set acceptConnections@server.js:88:17
start@server.js:119:5
init/<@marionette.js:452:9
JavaScript error: resource://activity-stream/lib/ActivityStreamPrefs.jsm, line 29: NS_ERROR_ILLEGAL_VALUE: Component returned failure code: 0x80070057 (NS_ERROR_ILLEGAL_VALUE) [nsIPrefBranch.removeObserver]
JavaScript error: resource://gre/modules/JSONFile.jsm, line 159: Error: Data is not ready.
console.error: PushService: 
  clearOriginData: Error clearing origin data:
  UnknownError
console.error: PushService: 
  stateChangeProcessEnqueue: Error transitioning state
  UnknownError

###!!! [Parent][DispatchAsyncMessage] Error: PBackgroundIDBFactory::Msg_PBackgroundIDBFactoryRequestConstructor Value error: message was deserialized, but contained an illegal value


###!!! [Parent][DispatchAsyncMessage] Error: PBackgroundIDBFactory::Msg_PBackgroundIDBFactoryRequestConstructor Value error: message was deserialized, but contained an illegal value

JavaScript error: resource://gre/modules/osfile/osfile_async_front.jsm, line 407: Error: OS.File has been shut down. Rejecting post to stat
ExceptionHandler::GenerateDump cloned child 4957
ExceptionHandler::SendContinueSignalToChild sent continue signal to child
ExceptionHandler::WaitForContinueSignal waiting for continue signal...
[Parent 3452, Gecko_IOThread] WARNING: pipe error (80): Conexão fechada pela outra ponta: file /build/firefox-v14lEw/firefox-63.0+build2/ipc/chromium/src/chrome/common/ipc_channel_posix.cc, line 356
JavaScript error: jar:file:///usr/lib/firefox/omni.ja!/components/nsUrlClassifierListManager.js, line 329: NS_ERROR_NOT_INITIALIZED: Component returned failure code: 0xc1f30001 (NS_ERROR_NOT_INITIALIZED) [nsIUrlClassifierDBService.getTables]
JavaScript error: jar:file:///usr/lib/firefox/omni.ja!/components/nsUrlClassifierListManager.js, line 329: NS_ERROR_NOT_INITIALIZED: Component returned failure code: 0xc1f30001 (NS_ERROR_NOT_INITIALIZED) [nsIUrlClassifierDBService.getTables]
1540735389027	Marionette	INFO	Stopped listening on port 2828
0030:fixme:ntdll:EtwUnregisterTraceGuids deadbeef: stub
ExceptionHandler::GenerateDump cloned child 5598
ExceptionHandler::SendContinueSignalToChild sent continue signal to child
ExceptionHandler::WaitForContinueSignal waiting for continue signal...
Failed to open curl lib from binary, use libcurl.so instead
0009:fixme:ntdll:EtwUnregisterTraceGuids deadbeef: stub
1540735681110	geckodriver	INFO	Listening on 127.0.0.1:57579
1540735682109	mozprofile::profile	INFO	Using profile path /tmp/rust_mozprofile.11B2oYHndand
1540735682112	geckodriver::marionette	INFO	Starting browser /usr/bin/firefox
1540735682115	geckodriver::marionette	INFO	Connecting to Marionette on localhost:39845
[PIPELIGHT:LIN:unknown] attached to process.
[PIPELIGHT:LIN:unknown] checking environment variable PIPELIGHT_SILVERLIGHT5_1_CONFIG.
[PIPELIGHT:LIN:unknown] searching for config file pipelight-silverlight5.1.
[PIPELIGHT:LIN:unknown] trying to load config file from '/home/carolina/.config/pipelight-silverlight5.1'.
[PIPELIGHT:LIN:unknown] trying to load config file from '/etc/pipelight-silverlight5.1'.
[PIPELIGHT:LIN:unknown] trying to load config file from '/usr/share/pipelight/configs/pipelight-silverlight5.1'.
[PIPELIGHT:LIN:unknown] sandbox not found or not installed!
[PIPELIGHT:LIN:silverlight5.1] using wine prefix directory /home/carolina/.wine-pipelight.
[PIPELIGHT:LIN:silverlight5.1] checking plugin installation - this might take some time.
[install-dependency] wine-silverlight5.1-installer is already installed in '/home/carolina/.wine-pipelight'.
[install-dependency] wine-mpg2splt-installer is already installed in '/home/carolina/.wine-pipelight'.
000b:fixme:ntdll:find_reg_tz_info Can't find matching timezone information in the registry for -03, bias 180, std (d/m/y): 18/02/2018, dlt (d/m/y): 4/11/2018
000b:fixme:winediag:start_process Wine Staging 3.14 is a testing version containing experimental patches.
000b:fixme:winediag:start_process Please mention your exact version when filing bug reports on winehq.org.
wine: cannot find L"C:\\windows\\system32\\winemenubuilder.exe"
000b:err:wineboot:ProcessRunKeys Error running cmd L"C:\\windows\\system32\\winemenubuilder.exe -a -r" (2)
000f:fixme:ntdll:find_reg_tz_info Can't find matching timezone information in the registry for -03, bias 180, std (d/m/y): 18/02/2018, dlt (d/m/y): 4/11/2018
0012:fixme:ntdll:find_reg_tz_info Can't find matching timezone information in the registry for -03, bias 180, std (d/m/y): 18/02/2018, dlt (d/m/y): 4/11/2018
001d:fixme:ntdll:find_reg_tz_info Can't find matching timezone information in the registry for -03, bias 180, std (d/m/y): 18/02/2018, dlt (d/m/y): 4/11/2018
0022:fixme:ntdll:find_reg_tz_info Can't find matching timezone information in the registry for -03, bias 180, std (d/m/y): 18/02/2018, dlt (d/m/y): 4/11/2018
002a:fixme:ntdll:find_reg_tz_info Can't find matching timezone information in the registry for -03, bias 180, std (d/m/y): 18/02/2018, dlt (d/m/y): 4/11/2018
0009:fixme:ntdll:find_reg_tz_info Can't find matching timezone information in the registry for -03, bias 180, std (d/m/y): 18/02/2018, dlt (d/m/y): 4/11/2018
[PIPELIGHT:WIN:silverlight5.1] embedded mode         is on.
[PIPELIGHT:WIN:silverlight5.1] windowless mode       is off.
[PIPELIGHT:WIN:silverlight5.1] linux windowless mode is off.
[PIPELIGHT:WIN:silverlight5.1] force SetWindow       is off.
[PIPELIGHT:WIN:silverlight5.1] window class hook     is on.
[PIPELIGHT:WIN:silverlight5.1] strict draw ordering  is off.
[PIPELIGHT:WIN:silverlight5.1] replaced API function CreateWindowExA.
[PIPELIGHT:WIN:silverlight5.1] replaced API function CreateWindowExW.
[PIPELIGHT:WIN:silverlight5.1] replaced API function TrackPopupMenuEx.
[PIPELIGHT:WIN:silverlight5.1] replaced API function TrackPopupMenu.
[PIPELIGHT:WIN:silverlight5.1] pluginloader.c:782:main(): failed to set/unset strict draw ordering!
0009:fixme:ntdll:EtwRegisterTraceGuidsW (0x7b8d2127, 0x7b970120, {aa087e0e-0b35-4e28-8f3a-440c3f51eef1}, 1, 0x71f518, (null), (null), 0x7b970120): stub
0009:fixme:ntdll:EtwRegisterTraceGuidsW   register trace class {aa087e0e-0b35-4e28-8f3a-440c3f51eef1}
[PIPELIGHT:WIN:silverlight5.1] init successful!
[PIPELIGHT:WIN:silverlight5.1] OpenGL Vendor: Intel Open Source Technology Center
[PIPELIGHT:WIN:silverlight5.1] OpenGL Renderer: Mesa DRI Mobile Intel® GM45 Express Chipset x86/MMX/SSE2
[PIPELIGHT:WIN:silverlight5.1] Your GPU is in the whitelist, hardware acceleration should work.
[PIPELIGHT:WIN:silverlight5.1] pluginloader.c:867:dispatcher(): failed to set/unset strict draw ordering!
1540735694004	Marionette	INFO	Listening on port 2828
1540735742438	geckodriver	INFO	Listening on 127.0.0.1:56943
1540735743430	mozprofile::profile	INFO	Using profile path /tmp/rust_mozprofile.gh2YbRFGGp7C
1540735743435	geckodriver::marionette	INFO	Starting browser /usr/bin/firefox
1540735743437	geckodriver::marionette	INFO	Connecting to Marionette on localhost:46233
[PIPELIGHT:LIN:unknown] attached to process.
[PIPELIGHT:LIN:unknown] checking environment variable PIPELIGHT_SILVERLIGHT5_1_CONFIG.
[PIPELIGHT:LIN:unknown] searching for config file pipelight-silverlight5.1.
[PIPELIGHT:LIN:unknown] trying to load config file from '/home/carolina/.config/pipelight-silverlight5.1'.
[PIPELIGHT:LIN:unknown] trying to load config file from '/etc/pipelight-silverlight5.1'.
[PIPELIGHT:LIN:unknown] trying to load config file from '/usr/share/pipelight/configs/pipelight-silverlight5.1'.
[PIPELIGHT:LIN:unknown] sandbox not found or not installed!
[PIPELIGHT:LIN:silverlight5.1] using wine prefix directory /home/carolina/.wine-pipelight.
[PIPELIGHT:LIN:silverlight5.1] checking plugin installation - this might take some time.
[install-dependency] wine-silverlight5.1-installer is already installed in '/home/carolina/.wine-pipelight'.
[install-dependency] wine-mpg2splt-installer is already installed in '/home/carolina/.wine-pipelight'.
002f:fixme:ntdll:find_reg_tz_info Can't find matching timezone information in the registry for -03, bias 180, std (d/m/y): 18/02/2018, dlt (d/m/y): 4/11/2018
[PIPELIGHT:WIN:silverlight5.1] embedded mode         is on.
[PIPELIGHT:WIN:silverlight5.1] windowless mode       is off.
[PIPELIGHT:WIN:silverlight5.1] linux windowless mode is off.
[PIPELIGHT:WIN:silverlight5.1] force SetWindow       is off.
[PIPELIGHT:WIN:silverlight5.1] window class hook     is on.
[PIPELIGHT:WIN:silverlight5.1] strict draw ordering  is off.
[PIPELIGHT:WIN:silverlight5.1] replaced API function CreateWindowExA.
[PIPELIGHT:WIN:silverlight5.1] replaced API function CreateWindowExW.
[PIPELIGHT:WIN:silverlight5.1] replaced API function TrackPopupMenuEx.
[PIPELIGHT:WIN:silverlight5.1] replaced API function TrackPopupMenu.
[PIPELIGHT:WIN:silverlight5.1] pluginloader.c:782:main(): failed to set/unset strict draw ordering!
002f:fixme:ntdll:EtwRegisterTraceGuidsW (0x7b8d2127, 0x7b970120, {aa087e0e-0b35-4e28-8f3a-440c3f51eef1}, 1, 0x71f518, (null), (null), 0x7b970120): stub
002f:fixme:ntdll:EtwRegisterTraceGuidsW   register trace class {aa087e0e-0b35-4e28-8f3a-440c3f51eef1}
[PIPELIGHT:WIN:silverlight5.1] init successful!
[PIPELIGHT:WIN:silverlight5.1] OpenGL Vendor: Intel Open Source Technology Center
[PIPELIGHT:WIN:silverlight5.1] OpenGL Renderer: Mesa DRI Mobile Intel® GM45 Express Chipset x86/MMX/SSE2
[PIPELIGHT:WIN:silverlight5.1] Your GPU is in the whitelist, hardware acceleration should work.
[PIPELIGHT:WIN:silverlight5.1] pluginloader.c:867:dispatcher(): failed to set/unset strict draw ordering!
1540735750412	Marionette	FATAL	Remote protocol server failed to start: Error: Could not bind to port 2828 (NS_ERROR_SOCKET_ADDRESS_IN_USE)(chrome://marionette/content/server.js:88:17) JS Stack trace: set acceptConnections@server.js:88:17
start@server.js:119:5
init/<@marionette.js:452:9
JavaScript error: resource://activity-stream/lib/ActivityStreamPrefs.jsm, line 29: NS_ERROR_ILLEGAL_VALUE: Component returned failure code: 0x80070057 (NS_ERROR_ILLEGAL_VALUE) [nsIPrefBranch.removeObserver]
JavaScript error: resource://gre/modules/JSONFile.jsm, line 159: Error: Data is not ready.
console.error: PushService: 
  clearOriginData: Error clearing origin data:
  UnknownError
console.error: PushService: 
  stateChangeProcessEnqueue: Error transitioning state
  UnknownError

###!!! [Parent][DispatchAsyncMessage] Error: PBackgroundIDBFactory::Msg_PBackgroundIDBFactoryRequestConstructor Value error: message was deserialized, but contained an illegal value


###!!! [Parent][DispatchAsyncMessage] Error: PBackgroundIDBFactory::Msg_PBackgroundIDBFactoryRequestConstructor Value error: message was deserialized, but contained an illegal value

JavaScript error: resource://gre/modules/osfile/osfile_async_front.jsm, line 407: Error: OS.File has been shut down. Rejecting post to stat
ExceptionHandler::GenerateDump cloned child 6636ExceptionHandler::WaitForContinueSignal waiting for continue signal...

ExceptionHandler::SendContinueSignalToChild sent continue signal to child
Failed to open curl lib from binary, use libcurl.so instead
1540735825219	Marionette	FATAL	Remote protocol server failed to start: Error: Could not bind to port 2828 (NS_ERROR_SOCKET_ADDRESS_IN_USE)(chrome://marionette/content/server.js:88:17) JS Stack trace: set acceptConnections@server.js:88:17
start@server.js:119:5
init/<@marionette.js:452:9
JavaScript error: resource://activity-stream/lib/ActivityStreamPrefs.jsm, line 29: NS_ERROR_ILLEGAL_VALUE: Component returned failure code: 0x80070057 (NS_ERROR_ILLEGAL_VALUE) [nsIPrefBranch.removeObserver]
002f:fixme:ntdll:EtwUnregisterTraceGuids deadbeef: stub
JavaScript error: jar:file:///usr/lib/firefox/omni.ja!/components/nsUrlClassifierListManager.js, line 329: NS_ERROR_NOT_INITIALIZED: Component returned failure code: 0xc1f30001 (NS_ERROR_NOT_INITIALIZED) [nsIUrlClassifierDBService.getTables]
JavaScript error: jar:file:///usr/lib/firefox/omni.ja!/components/nsUrlClassifierListManager.js, line 329: NS_ERROR_NOT_INITIALIZED: Component returned failure code: 0xc1f30001 (NS_ERROR_NOT_INITIALIZED) [nsIUrlClassifierDBService.getTables]
1540735832725	Marionette	INFO	Stopped listening on port 2828
ExceptionHandler::GenerateDump cloned child 7025
ExceptionHandler::SendContinueSignalToChild sent continue signal to child
ExceptionHandler::WaitForContinueSignal waiting for continue signal...
Failed to open curl lib from binary, use libcurl.so instead
0009:fixme:ntdll:EtwUnregisterTraceGuids deadbeef: stub
1540736303059	geckodriver	INFO	Listening on 127.0.0.1:42901
1540736304060	mozprofile::profile	INFO	Using profile path /tmp/rust_mozprofile.EMCWaUAOHDWQ
1540736304064	geckodriver::marionette	INFO	Starting browser /usr/bin/firefox
1540736304067	geckodriver::marionette	INFO	Connecting to Marionette on localhost:34015
[PIPELIGHT:LIN:unknown] attached to process.
[PIPELIGHT:LIN:unknown] checking environment variable PIPELIGHT_SILVERLIGHT5_1_CONFIG.
[PIPELIGHT:LIN:unknown] searching for config file pipelight-silverlight5.1.
[PIPELIGHT:LIN:unknown] trying to load config file from '/home/carolina/.config/pipelight-silverlight5.1'.
[PIPELIGHT:LIN:unknown] trying to load config file from '/etc/pipelight-silverlight5.1'.
[PIPELIGHT:LIN:unknown] trying to load config file from '/usr/share/pipelight/configs/pipelight-silverlight5.1'.
[PIPELIGHT:LIN:unknown] sandbox not found or not installed!
[PIPELIGHT:LIN:silverlight5.1] using wine prefix directory /home/carolina/.wine-pipelight.
[PIPELIGHT:LIN:silverlight5.1] checking plugin installation - this might take some time.
[install-dependency] wine-silverlight5.1-installer is already installed in '/home/carolina/.wine-pipelight'.
[install-dependency] wine-mpg2splt-installer is already installed in '/home/carolina/.wine-pipelight'.
000b:fixme:ntdll:find_reg_tz_info Can't find matching timezone information in the registry for -03, bias 180, std (d/m/y): 18/02/2018, dlt (d/m/y): 4/11/2018
000b:fixme:winediag:start_process Wine Staging 3.14 is a testing version containing experimental patches.
000b:fixme:winediag:start_process Please mention your exact version when filing bug reports on winehq.org.
wine: cannot find L"C:\\windows\\system32\\winemenubuilder.exe"
000b:err:wineboot:ProcessRunKeys Error running cmd L"C:\\windows\\system32\\winemenubuilder.exe -a -r" (2)
000f:fixme:ntdll:find_reg_tz_info Can't find matching timezone information in the registry for -03, bias 180, std (d/m/y): 18/02/2018, dlt (d/m/y): 4/11/2018
0012:fixme:ntdll:find_reg_tz_info Can't find matching timezone information in the registry for -03, bias 180, std (d/m/y): 18/02/2018, dlt (d/m/y): 4/11/2018
001d:fixme:ntdll:find_reg_tz_info Can't find matching timezone information in the registry for -03, bias 180, std (d/m/y): 18/02/2018, dlt (d/m/y): 4/11/2018
0022:fixme:ntdll:find_reg_tz_info Can't find matching timezone information in the registry for -03, bias 180, std (d/m/y): 18/02/2018, dlt (d/m/y): 4/11/2018
002a:fixme:ntdll:find_reg_tz_info Can't find matching timezone information in the registry for -03, bias 180, std (d/m/y): 18/02/2018, dlt (d/m/y): 4/11/2018
0009:fixme:ntdll:find_reg_tz_info Can't find matching timezone information in the registry for -03, bias 180, std (d/m/y): 18/02/2018, dlt (d/m/y): 4/11/2018
[PIPELIGHT:WIN:silverlight5.1] embedded mode         is on.
[PIPELIGHT:WIN:silverlight5.1] windowless mode       is off.
[PIPELIGHT:WIN:silverlight5.1] linux windowless mode is off.
[PIPELIGHT:WIN:silverlight5.1] force SetWindow       is off.
[PIPELIGHT:WIN:silverlight5.1] window class hook     is on.
[PIPELIGHT:WIN:silverlight5.1] strict draw ordering  is off.
[PIPELIGHT:WIN:silverlight5.1] replaced API function CreateWindowExA.
[PIPELIGHT:WIN:silverlight5.1] replaced API function CreateWindowExW.
[PIPELIGHT:WIN:silverlight5.1] replaced API function TrackPopupMenuEx.
[PIPELIGHT:WIN:silverlight5.1] replaced API function TrackPopupMenu.
[PIPELIGHT:WIN:silverlight5.1] pluginloader.c:782:main(): failed to set/unset strict draw ordering!
0009:fixme:ntdll:EtwRegisterTraceGuidsW (0x7b8d2127, 0x7b970120, {aa087e0e-0b35-4e28-8f3a-440c3f51eef1}, 1, 0x71f518, (null), (null), 0x7b970120): stub
0009:fixme:ntdll:EtwRegisterTraceGuidsW   register trace class {aa087e0e-0b35-4e28-8f3a-440c3f51eef1}
[PIPELIGHT:WIN:silverlight5.1] init successful!
[PIPELIGHT:WIN:silverlight5.1] OpenGL Vendor: Intel Open Source Technology Center
[PIPELIGHT:WIN:silverlight5.1] OpenGL Renderer: Mesa DRI Mobile Intel® GM45 Express Chipset x86/MMX/SSE2
[PIPELIGHT:WIN:silverlight5.1] Your GPU is in the whitelist, hardware acceleration should work.
[PIPELIGHT:WIN:silverlight5.1] pluginloader.c:867:dispatcher(): failed to set/unset strict draw ordering!
1540736314519	Marionette	INFO	Listening on port 2828
1540736364378	geckodriver	INFO	Listening on 127.0.0.1:49029
1540736365379	mozprofile::profile	INFO	Using profile path /tmp/rust_mozprofile.ywY7WINXJlmW
1540736365388	geckodriver::marionette	INFO	Starting browser /usr/bin/firefox
1540736365431	geckodriver::marionette	INFO	Connecting to Marionette on localhost:40753
[PIPELIGHT:LIN:unknown] attached to process.
[PIPELIGHT:LIN:unknown] checking environment variable PIPELIGHT_SILVERLIGHT5_1_CONFIG.
[PIPELIGHT:LIN:unknown] searching for config file pipelight-silverlight5.1.
[PIPELIGHT:LIN:unknown] trying to load config file from '/home/carolina/.config/pipelight-silverlight5.1'.
[PIPELIGHT:LIN:unknown] trying to load config file from '/etc/pipelight-silverlight5.1'.
[PIPELIGHT:LIN:unknown] trying to load config file from '/usr/share/pipelight/configs/pipelight-silverlight5.1'.
[PIPELIGHT:LIN:unknown] sandbox not found or not installed!
[PIPELIGHT:LIN:silverlight5.1] using wine prefix directory /home/carolina/.wine-pipelight.
[PIPELIGHT:LIN:silverlight5.1] checking plugin installation - this might take some time.
[install-dependency] wine-silverlight5.1-installer is already installed in '/home/carolina/.wine-pipelight'.
[install-dependency] wine-mpg2splt-installer is already installed in '/home/carolina/.wine-pipelight'.
002f:fixme:ntdll:find_reg_tz_info Can't find matching timezone information in the registry for -03, bias 180, std (d/m/y): 18/02/2018, dlt (d/m/y): 4/11/2018
[PIPELIGHT:WIN:silverlight5.1] embedded mode         is on.
[PIPELIGHT:WIN:silverlight5.1] windowless mode       is off.
[PIPELIGHT:WIN:silverlight5.1] linux windowless mode is off.
[PIPELIGHT:WIN:silverlight5.1] force SetWindow       is off.
[PIPELIGHT:WIN:silverlight5.1] window class hook     is on.
[PIPELIGHT:WIN:silverlight5.1] strict draw ordering  is off.
[PIPELIGHT:WIN:silverlight5.1] replaced API function CreateWindowExA.
[PIPELIGHT:WIN:silverlight5.1] replaced API function CreateWindowExW.
[PIPELIGHT:WIN:silverlight5.1] replaced API function TrackPopupMenuEx.
[PIPELIGHT:WIN:silverlight5.1] replaced API function TrackPopupMenu.
[PIPELIGHT:WIN:silverlight5.1] pluginloader.c:782:main(): failed to set/unset strict draw ordering!
002f:fixme:ntdll:EtwRegisterTraceGuidsW (0x7b8d2127, 0x7b970120, {aa087e0e-0b35-4e28-8f3a-440c3f51eef1}, 1, 0x71f518, (null), (null), 0x7b970120): stub
002f:fixme:ntdll:EtwRegisterTraceGuidsW   register trace class {aa087e0e-0b35-4e28-8f3a-440c3f51eef1}
[PIPELIGHT:WIN:silverlight5.1] init successful!
[PIPELIGHT:WIN:silverlight5.1] OpenGL Vendor: Intel Open Source Technology Center
[PIPELIGHT:WIN:silverlight5.1] OpenGL Renderer: Mesa DRI Mobile Intel® GM45 Express Chipset x86/MMX/SSE2
[PIPELIGHT:WIN:silverlight5.1] Your GPU is in the whitelist, hardware acceleration should work.
[PIPELIGHT:WIN:silverlight5.1] pluginloader.c:867:dispatcher(): failed to set/unset strict draw ordering!
1540736375362	Marionette	FATAL	Remote protocol server failed to start: Error: Could not bind to port 2828 (NS_ERROR_SOCKET_ADDRESS_IN_USE)(chrome://marionette/content/server.js:88:17) JS Stack trace: set acceptConnections@server.js:88:17
start@server.js:119:5
init/<@marionette.js:452:9
JavaScript error: resource://activity-stream/lib/ActivityStreamPrefs.jsm, line 29: NS_ERROR_ILLEGAL_VALUE: Component returned failure code: 0x80070057 (NS_ERROR_ILLEGAL_VALUE) [nsIPrefBranch.removeObserver]

###!!! [Parent][DispatchAsyncMessage] Error: PBackgroundIDBFactory::Msg_PBackgroundIDBFactoryRequestConstructor Value error: message was deserialized, but contained an illegal value


###!!! [Parent][DispatchAsyncMessage] Error: PBackgroundIDBFactory::Msg_PBackgroundIDBFactoryRequestConstructor Value error: message was deserialized, but contained an illegal value

JavaScript error: resource://gre/modules/osfile/osfile_async_front.jsm, line 407: Error: OS.File has been shut down. Rejecting post to stat
ExceptionHandler::GenerateDump cloned child 8605
ExceptionHandler::SendContinueSignalToChild sent continue signal to child
ExceptionHandler::WaitForContinueSignal waiting for continue signal...
Failed to open curl lib from binary, use libcurl.so instead
1540736451728	Marionette	FATAL	Remote protocol server failed to start: Error: Could not bind to port 2828 (NS_ERROR_SOCKET_ADDRESS_IN_USE)(chrome://marionette/content/server.js:88:17) JS Stack trace: set acceptConnections@server.js:88:17
start@server.js:119:5
init/<@marionette.js:452:9
JavaScript error: resource://activity-stream/lib/TopSitesFeed.jsm, line 86: TypeError: setting getter-only property "_currentSearchHostname"
002f:fixme:ntdll:EtwUnregisterTraceGuids deadbeef: stub
1540737518806	geckodriver	INFO	Listening on 127.0.0.1:43485
1540737519871	mozprofile::profile	INFO	Using profile path /tmp/rust_mozprofile.abY71pKi6R3I
1540737519874	geckodriver::marionette	INFO	Starting browser /usr/bin/firefox
1540737519883	geckodriver::marionette	INFO	Connecting to Marionette on localhost:42351
[PIPELIGHT:LIN:unknown] attached to process.
[PIPELIGHT:LIN:unknown] checking environment variable PIPELIGHT_SILVERLIGHT5_1_CONFIG.
[PIPELIGHT:LIN:unknown] searching for config file pipelight-silverlight5.1.
[PIPELIGHT:LIN:unknown] trying to load config file from '/home/carolina/.config/pipelight-silverlight5.1'.
[PIPELIGHT:LIN:unknown] trying to load config file from '/etc/pipelight-silverlight5.1'.
[PIPELIGHT:LIN:unknown] trying to load config file from '/usr/share/pipelight/configs/pipelight-silverlight5.1'.
[PIPELIGHT:LIN:unknown] sandbox not found or not installed!
[PIPELIGHT:LIN:silverlight5.1] using wine prefix directory /home/carolina/.wine-pipelight.
[PIPELIGHT:LIN:silverlight5.1] checking plugin installation - this might take some time.
[install-dependency] wine-silverlight5.1-installer is already installed in '/home/carolina/.wine-pipelight'.
[install-dependency] wine-mpg2splt-installer is already installed in '/home/carolina/.wine-pipelight'.
0031:fixme:ntdll:find_reg_tz_info Can't find matching timezone information in the registry for -03, bias 180, std (d/m/y): 18/02/2018, dlt (d/m/y): 4/11/2018
[PIPELIGHT:WIN:silverlight5.1] embedded mode         is on.
[PIPELIGHT:WIN:silverlight5.1] windowless mode       is off.
[PIPELIGHT:WIN:silverlight5.1] linux windowless mode is off.
[PIPELIGHT:WIN:silverlight5.1] force SetWindow       is off.
[PIPELIGHT:WIN:silverlight5.1] window class hook     is on.
[PIPELIGHT:WIN:silverlight5.1] strict draw ordering  is off.
[PIPELIGHT:WIN:silverlight5.1] replaced API function CreateWindowExA.
[PIPELIGHT:WIN:silverlight5.1] replaced API function CreateWindowExW.
[PIPELIGHT:WIN:silverlight5.1] replaced API function TrackPopupMenuEx.
[PIPELIGHT:WIN:silverlight5.1] replaced API function TrackPopupMenu.
[PIPELIGHT:WIN:silverlight5.1] pluginloader.c:782:main(): failed to set/unset strict draw ordering!
0031:fixme:ntdll:EtwRegisterTraceGuidsW (0x7b8d2127, 0x7b970120, {aa087e0e-0b35-4e28-8f3a-440c3f51eef1}, 1, 0x71f518, (null), (null), 0x7b970120): stub
0031:fixme:ntdll:EtwRegisterTraceGuidsW   register trace class {aa087e0e-0b35-4e28-8f3a-440c3f51eef1}
[PIPELIGHT:WIN:silverlight5.1] init successful!
[PIPELIGHT:WIN:silverlight5.1] OpenGL Vendor: Intel Open Source Technology Center
[PIPELIGHT:WIN:silverlight5.1] OpenGL Renderer: Mesa DRI Mobile Intel® GM45 Express Chipset x86/MMX/SSE2
[PIPELIGHT:WIN:silverlight5.1] Your GPU is in the whitelist, hardware acceleration should work.
[PIPELIGHT:WIN:silverlight5.1] pluginloader.c:867:dispatcher(): failed to set/unset strict draw ordering!
1540737530157	Marionette	FATAL	Remote protocol server failed to start: Error: Could not bind to port 2828 (NS_ERROR_SOCKET_ADDRESS_IN_USE)(chrome://marionette/content/server.js:88:17) JS Stack trace: set acceptConnections@server.js:88:17
start@server.js:119:5
init/<@marionette.js:452:9
JavaScript error: resource://activity-stream/lib/ActivityStreamPrefs.jsm, line 29: NS_ERROR_ILLEGAL_VALUE: Component returned failure code: 0x80070057 (NS_ERROR_ILLEGAL_VALUE) [nsIPrefBranch.removeObserver]
console.error: PushService: 
  clearOriginData: Error clearing origin data:
  UnknownError
console.error: PushService: 
  stateChangeProcessEnqueue: Error transitioning state
  UnknownError

###!!! [Parent][DispatchAsyncMessage] Error: PBackgroundIDBFactory::Msg_PBackgroundIDBFactoryRequestConstructor Value error: message was deserialized, but contained an illegal value


###!!! [Parent][DispatchAsyncMessage] Error: PBackgroundIDBFactory::Msg_PBackgroundIDBFactoryRequestConstructor Value error: message was deserialized, but contained an illegal value

JavaScript error: , line 0: UnknownError: The operation failed for reasons unrelated to the database itself and not covered by any other error code.
JavaScript error: , line 0: UnknownError: The operation failed for reasons unrelated to the database itself and not covered by any other error code.
JavaScript error: resource://gre/modules/osfile/osfile_async_front.jsm, line 407: Error: OS.File has been shut down. Rejecting post to stat
1540737580406	geckodriver	INFO	Listening on 127.0.0.1:57065
1540737581399	mozprofile::profile	INFO	Using profile path /tmp/rust_mozprofile.b48r5lRUP2C1
1540737581405	geckodriver::marionette	INFO	Starting browser /usr/bin/firefox
1540737581410	geckodriver::marionette	INFO	Connecting to Marionette on localhost:39595
[PIPELIGHT:LIN:unknown] attached to process.
[PIPELIGHT:LIN:unknown] checking environment variable PIPELIGHT_SILVERLIGHT5_1_CONFIG.
[PIPELIGHT:LIN:unknown] searching for config file pipelight-silverlight5.1.
[PIPELIGHT:LIN:unknown] trying to load config file from '/home/carolina/.config/pipelight-silverlight5.1'.
[PIPELIGHT:LIN:unknown] trying to load config file from '/etc/pipelight-silverlight5.1'.
[PIPELIGHT:LIN:unknown] trying to load config file from '/usr/share/pipelight/configs/pipelight-silverlight5.1'.
[PIPELIGHT:LIN:unknown] sandbox not found or not installed!
[PIPELIGHT:LIN:silverlight5.1] using wine prefix directory /home/carolina/.wine-pipelight.
[PIPELIGHT:LIN:silverlight5.1] checking plugin installation - this might take some time.
[install-dependency] wine-silverlight5.1-installer is already installed in '/home/carolina/.wine-pipelight'.
[install-dependency] wine-mpg2splt-installer is already installed in '/home/carolina/.wine-pipelight'.
0033:fixme:ntdll:find_reg_tz_info Can't find matching timezone information in the registry for -03, bias 180, std (d/m/y): 18/02/2018, dlt (d/m/y): 4/11/2018
[PIPELIGHT:WIN:silverlight5.1] embedded mode         is on.
[PIPELIGHT:WIN:silverlight5.1] windowless mode       is off.
[PIPELIGHT:WIN:silverlight5.1] linux windowless mode is off.
[PIPELIGHT:WIN:silverlight5.1] force SetWindow       is off.
[PIPELIGHT:WIN:silverlight5.1] window class hook     is on.
[PIPELIGHT:WIN:silverlight5.1] strict draw ordering  is off.
[PIPELIGHT:WIN:silverlight5.1] replaced API function CreateWindowExA.
[PIPELIGHT:WIN:silverlight5.1] replaced API function CreateWindowExW.
[PIPELIGHT:WIN:silverlight5.1] replaced API function TrackPopupMenuEx.
[PIPELIGHT:WIN:silverlight5.1] replaced API function TrackPopupMenu.
[PIPELIGHT:WIN:silverlight5.1] pluginloader.c:782:main(): failed to set/unset strict draw ordering!
0033:fixme:ntdll:EtwRegisterTraceGuidsW (0x7b8d2127, 0x7b970120, {aa087e0e-0b35-4e28-8f3a-440c3f51eef1}, 1, 0x71f518, (null), (null), 0x7b970120): stub
0033:fixme:ntdll:EtwRegisterTraceGuidsW   register trace class {aa087e0e-0b35-4e28-8f3a-440c3f51eef1}
[PIPELIGHT:WIN:silverlight5.1] init successful!
[PIPELIGHT:WIN:silverlight5.1] OpenGL Vendor: Intel Open Source Technology Center
[PIPELIGHT:WIN:silverlight5.1] OpenGL Renderer: Mesa DRI Mobile Intel® GM45 Express Chipset x86/MMX/SSE2
[PIPELIGHT:WIN:silverlight5.1] Your GPU is in the whitelist, hardware acceleration should work.
[PIPELIGHT:WIN:silverlight5.1] pluginloader.c:867:dispatcher(): failed to set/unset strict draw ordering!
1540737593858	Marionette	FATAL	Remote protocol server failed to start: Error: Could not bind to port 2828 (NS_ERROR_SOCKET_ADDRESS_IN_USE)(chrome://marionette/content/server.js:88:17) JS Stack trace: set acceptConnections@server.js:88:17
start@server.js:119:5
init/<@marionette.js:452:9
JavaScript error: resource://activity-stream/lib/ActivityStreamPrefs.jsm, line 29: NS_ERROR_ILLEGAL_VALUE: Component returned failure code: 0x80070057 (NS_ERROR_ILLEGAL_VALUE) [nsIPrefBranch.removeObserver]
ExceptionHandler::GenerateDump cloned child 10316
ExceptionHandler::SendContinueSignalToChild sent continue signal to child
ExceptionHandler::WaitForContinueSignal waiting for continue signal...
JavaScript error: resource://gre/modules/IndexedDB.jsm, line 349: UnknownError: The operation failed for reasons unrelated to the database itself and not covered by any other error code.
JavaScript error: resource://gre/modules/IndexedDB.jsm, line 349: UnknownError: The operation failed for reasons unrelated to the database itself and not covered by any other error code.
console.error: PushService: 
  clearOriginData: Error clearing origin data:
  UnknownError
console.error: PushService: 
  stateChangeProcessEnqueue: Error transitioning state
  UnknownError

###!!! [Parent][DispatchAsyncMessage] Error: PBackgroundIDBFactory::Msg_PBackgroundIDBFactoryRequestConstructor Value error: message was deserialized, but contained an illegal value


###!!! [Parent][DispatchAsyncMessage] Error: PBackgroundIDBFactory::Msg_PBackgroundIDBFactoryRequestConstructor Value error: message was deserialized, but contained an illegal value

Failed to open curl lib from binary, use libcurl.so instead
0031:fixme:ntdll:EtwUnregisterTraceGuids deadbeef: stub
JavaScript error: resource://gre/modules/osfile/osfile_async_front.jsm, line 407: Error: OS.File has been shut down. Rejecting post to stat
ExceptionHandler::GenerateDump cloned child 10413
ExceptionHandler::SendContinueSignalToChild sent continue signal to child
ExceptionHandler::WaitForContinueSignal waiting for continue signal...
1540737858857	geckodriver	INFO	Listening on 127.0.0.1:35725
1540737859851	mozprofile::profile	INFO	Using profile path /tmp/rust_mozprofile.I5rJbzwIxSp6
1540737859853	geckodriver::marionette	INFO	Starting browser /usr/bin/firefox
1540737859891	geckodriver::marionette	INFO	Connecting to Marionette on localhost:41913
[PIPELIGHT:LIN:unknown] attached to process.
[PIPELIGHT:LIN:unknown] checking environment variable PIPELIGHT_SILVERLIGHT5_1_CONFIG.
[PIPELIGHT:LIN:unknown] searching for config file pipelight-silverlight5.1.
[PIPELIGHT:LIN:unknown] trying to load config file from '/home/carolina/.config/pipelight-silverlight5.1'.
[PIPELIGHT:LIN:unknown] trying to load config file from '/etc/pipelight-silverlight5.1'.
[PIPELIGHT:LIN:unknown] trying to load config file from '/usr/share/pipelight/configs/pipelight-silverlight5.1'.
[PIPELIGHT:LIN:unknown] sandbox not found or not installed!
[PIPELIGHT:LIN:silverlight5.1] using wine prefix directory /home/carolina/.wine-pipelight.
[PIPELIGHT:LIN:silverlight5.1] checking plugin installation - this might take some time.
[install-dependency] wine-silverlight5.1-installer is already installed in '/home/carolina/.wine-pipelight'.
[install-dependency] wine-mpg2splt-installer is already installed in '/home/carolina/.wine-pipelight'.
0035:fixme:ntdll:find_reg_tz_info Can't find matching timezone information in the registry for -03, bias 180, std (d/m/y): 18/02/2018, dlt (d/m/y): 4/11/2018
[PIPELIGHT:WIN:silverlight5.1] embedded mode         is on.
[PIPELIGHT:WIN:silverlight5.1] windowless mode       is off.
[PIPELIGHT:WIN:silverlight5.1] linux windowless mode is off.
[PIPELIGHT:WIN:silverlight5.1] force SetWindow       is off.
[PIPELIGHT:WIN:silverlight5.1] window class hook     is on.
[PIPELIGHT:WIN:silverlight5.1] strict draw ordering  is off.
[PIPELIGHT:WIN:silverlight5.1] replaced API function CreateWindowExA.
[PIPELIGHT:WIN:silverlight5.1] replaced API function CreateWindowExW.
[PIPELIGHT:WIN:silverlight5.1] replaced API function TrackPopupMenuEx.
[PIPELIGHT:WIN:silverlight5.1] replaced API function TrackPopupMenu.
[PIPELIGHT:WIN:silverlight5.1] pluginloader.c:782:main(): failed to set/unset strict draw ordering!
0035:fixme:ntdll:EtwRegisterTraceGuidsW (0x7b8d2127, 0x7b970120, {aa087e0e-0b35-4e28-8f3a-440c3f51eef1}, 1, 0x71f518, (null), (null), 0x7b970120): stub
0035:fixme:ntdll:EtwRegisterTraceGuidsW   register trace class {aa087e0e-0b35-4e28-8f3a-440c3f51eef1}
[PIPELIGHT:WIN:silverlight5.1] init successful!
[PIPELIGHT:WIN:silverlight5.1] OpenGL Vendor: Intel Open Source Technology Center
[PIPELIGHT:WIN:silverlight5.1] OpenGL Renderer: Mesa DRI Mobile Intel® GM45 Express Chipset x86/MMX/SSE2
[PIPELIGHT:WIN:silverlight5.1] Your GPU is in the whitelist, hardware acceleration should work.
[PIPELIGHT:WIN:silverlight5.1] pluginloader.c:867:dispatcher(): failed to set/unset strict draw ordering!
1540737870318	Marionette	FATAL	Remote protocol server failed to start: Error: Could not bind to port 2828 (NS_ERROR_SOCKET_ADDRESS_IN_USE)(chrome://marionette/content/server.js:88:17) JS Stack trace: set acceptConnections@server.js:88:17
start@server.js:119:5
init/<@marionette.js:452:9
JavaScript error: resource://activity-stream/lib/ActivityStreamPrefs.jsm, line 29: NS_ERROR_ILLEGAL_VALUE: Component returned failure code: 0x80070057 (NS_ERROR_ILLEGAL_VALUE) [nsIPrefBranch.removeObserver]
JavaScript error: resource://gre/modules/JSONFile.jsm, line 159: Error: Data is not ready.
console.error: PushService: 
  clearOriginData: Error clearing origin data:
  AbortError
console.error: PushService: 
  stateChangeProcessEnqueue: Error transitioning state
  AbortError

###!!! [Parent][DispatchAsyncMessage] Error: PBackgroundIDBFactory::Msg_PBackgroundIDBFactoryRequestConstructor Value error: message was deserialized, but contained an illegal value


###!!! [Parent][DispatchAsyncMessage] Error: PBackgroundIDBFactory::Msg_PBackgroundIDBFactoryRequestConstructor Value error: message was deserialized, but contained an illegal value

JavaScript error: resource://gre/modules/osfile/osfile_async_front.jsm, line 407: Error: OS.File has been shut down. Rejecting post to stat
1540737920244	geckodriver	INFO	Listening on 127.0.0.1:38757
1540737921243	mozprofile::profile	INFO	Using profile path /tmp/rust_mozprofile.9b52gKpRrKnK
1540737921249	geckodriver::marionette	INFO	Starting browser /usr/bin/firefox
1540737921255	geckodriver::marionette	INFO	Connecting to Marionette on localhost:45807
[PIPELIGHT:LIN:unknown] attached to process.
[PIPELIGHT:LIN:unknown] checking environment variable PIPELIGHT_SILVERLIGHT5_1_CONFIG.
[PIPELIGHT:LIN:unknown] searching for config file pipelight-silverlight5.1.
[PIPELIGHT:LIN:unknown] trying to load config file from '/home/carolina/.config/pipelight-silverlight5.1'.
[PIPELIGHT:LIN:unknown] trying to load config file from '/etc/pipelight-silverlight5.1'.
[PIPELIGHT:LIN:unknown] trying to load config file from '/usr/share/pipelight/configs/pipelight-silverlight5.1'.
[PIPELIGHT:LIN:unknown] sandbox not found or not installed!
[PIPELIGHT:LIN:silverlight5.1] using wine prefix directory /home/carolina/.wine-pipelight.
[PIPELIGHT:LIN:silverlight5.1] checking plugin installation - this might take some time.
[install-dependency] wine-silverlight5.1-installer is already installed in '/home/carolina/.wine-pipelight'.
[install-dependency] wine-mpg2splt-installer is already installed in '/home/carolina/.wine-pipelight'.
0037:fixme:ntdll:find_reg_tz_info Can't find matching timezone information in the registry for -03, bias 180, std (d/m/y): 18/02/2018, dlt (d/m/y): 4/11/2018
[PIPELIGHT:WIN:silverlight5.1] embedded mode         is on.
[PIPELIGHT:WIN:silverlight5.1] windowless mode       is off.
[PIPELIGHT:WIN:silverlight5.1] linux windowless mode is off.
[PIPELIGHT:WIN:silverlight5.1] force SetWindow       is off.
[PIPELIGHT:WIN:silverlight5.1] window class hook     is on.
[PIPELIGHT:WIN:silverlight5.1] strict draw ordering  is off.
[PIPELIGHT:WIN:silverlight5.1] replaced API function CreateWindowExA.
[PIPELIGHT:WIN:silverlight5.1] replaced API function CreateWindowExW.
[PIPELIGHT:WIN:silverlight5.1] replaced API function TrackPopupMenuEx.
[PIPELIGHT:WIN:silverlight5.1] replaced API function TrackPopupMenu.
[PIPELIGHT:WIN:silverlight5.1] pluginloader.c:782:main(): failed to set/unset strict draw ordering!
0037:fixme:ntdll:EtwRegisterTraceGuidsW (0x7b8d2127, 0x7b970120, {aa087e0e-0b35-4e28-8f3a-440c3f51eef1}, 1, 0x71f518, (null), (null), 0x7b970120): stub
0037:fixme:ntdll:EtwRegisterTraceGuidsW   register trace class {aa087e0e-0b35-4e28-8f3a-440c3f51eef1}
[PIPELIGHT:WIN:silverlight5.1] init successful!
[PIPELIGHT:WIN:silverlight5.1] OpenGL Vendor: Intel Open Source Technology Center
[PIPELIGHT:WIN:silverlight5.1] OpenGL Renderer: Mesa DRI Mobile Intel® GM45 Express Chipset x86/MMX/SSE2
[PIPELIGHT:WIN:silverlight5.1] Your GPU is in the whitelist, hardware acceleration should work.
[PIPELIGHT:WIN:silverlight5.1] pluginloader.c:867:dispatcher(): failed to set/unset strict draw ordering!
1540737932601	Marionette	FATAL	Remote protocol server failed to start: Error: Could not bind to port 2828 (NS_ERROR_SOCKET_ADDRESS_IN_USE)(chrome://marionette/content/server.js:88:17) JS Stack trace: set acceptConnections@server.js:88:17
start@server.js:119:5
init/<@marionette.js:452:9
JavaScript error: resource://activity-stream/lib/ActivityStreamPrefs.jsm, line 29: NS_ERROR_ILLEGAL_VALUE: Component returned failure code: 0x80070057 (NS_ERROR_ILLEGAL_VALUE) [nsIPrefBranch.removeObserver]
JavaScript error: , line 0: AbortError: A request was aborted, for example through a call to IDBTransaction.abort.
JavaScript error: , line 0: AbortError: A request was aborted, for example through a call to IDBTransaction.abort.
console.error: PushService: 
  clearOriginData: Error clearing origin data:
  UnknownError
console.error: PushService: 
  stateChangeProcessEnqueue: Error transitioning state
  UnknownError

###!!! [Parent][DispatchAsyncMessage] Error: PBackgroundIDBFactory::Msg_PBackgroundIDBFactoryRequestConstructor Value error: message was deserialized, but contained an illegal value


###!!! [Parent][DispatchAsyncMessage] Error: PBackgroundIDBFactory::Msg_PBackgroundIDBFactoryRequestConstructor Value error: message was deserialized, but contained an illegal value

ExceptionHandler::GenerateDump cloned child ExceptionHandler::WaitForContinueSignal waiting for continue signal...
11137
ExceptionHandler::SendContinueSignalToChild sent continue signal to child
0035:fixme:ntdll:EtwUnregisterTraceGuids deadbeef: stub
JavaScript error: resource://gre/modules/osfile/osfile_async_front.jsm, line 407: Error: OS.File has been shut down. Rejecting post to stat
ExceptionHandler::GenerateDump cloned child 11230
ExceptionHandler::WaitForContinueSignal waiting for continue signal...
ExceptionHandler::SendContinueSignalToChild sent continue signal to child
Failed to open curl lib from binary, use libcurl.so instead
0037:fixme:ntdll:EtwUnregisterTraceGuids deadbeef: stub
0033:fixme:ntdll:EtwUnregisterTraceGuids deadbeef: stub
JavaScript error: jar:file:///usr/lib/firefox/omni.ja!/components/nsUrlClassifierListManager.js, line 329: NS_ERROR_NOT_INITIALIZED: Component returned failure code: 0xc1f30001 (NS_ERROR_NOT_INITIALIZED) [nsIUrlClassifierDBService.getTables]
JavaScript error: jar:file:///usr/lib/firefox/omni.ja!/components/nsUrlClassifierListManager.js, line 329: NS_ERROR_NOT_INITIALIZED: Component returned failure code: 0xc1f30001 (NS_ERROR_NOT_INITIALIZED) [nsIUrlClassifierDBService.getTables]
1540738043934	Marionette	INFO	Stopped listening on port 2828
